# JRE version: OpenJDK Runtime Environment (21.0.6) (build 21.0.6+-13368085-b895.109)
# Java VM: OpenJDK 64-Bit Server VM (21.0.6+-13368085-b895.109, mixed mode, tiered, compressed oops, compressed class ptrs, g1 gc, windows-amd64)
GC Precious Log:
 CardTable entry size: 512
 Card Set container configuration: InlinePtr #cards 5 size 8 Array Of Cards #cards 12 size 40 Howl #buckets 4 coarsen threshold 1843 Howl Bitmap #cards 512 size 80 coarsen threshold 460 Card regions per heap region 1 cards per card region 2048
 CPUs: 8 total, 8 available
 Memory: 5877M
 Large Page Support: Disabled
 NUMA Support: Disabled
 Compressed Oops: Enabled (32-bit)
 Heap Region Size: 1M
 Heap Min Capacity: 8M
 Heap Initial Capacity: 92M
 Heap Max Capacity: 2G
 Pre-touch: Disabled
 Parallel Workers: 8
 Concurrent Workers: 2
 Concurrent Refinement Workers: 8
 Periodic GC: Disabled
Heap:
 garbage-first heap   total 79872K, used 29150K [0x0000000080000000, 0x0000000100000000)
  region size 1024K, 5 young (5120K), 5 survivors (5120K)
 Metaspace       used 40717K, committed 41920K, reserved 1114112K
  class space    used 5585K, committed 6144K, reserved 1048576K
GC Heap History (15 events):
Event: 0.689 GC heap before
{Heap before GC invocations=0 (full 0):
 garbage-first heap   total 94208K, used 22528K [0x0000000080000000, 0x0000000100000000)
  region size 1024K, 23 young (23552K), 0 survivors (0K)
 Metaspace       used 7990K, committed 8128K, reserved 1114112K
  class space    used 712K, committed 768K, reserved 1048576K
}
Event: 0.698 GC heap after
{Heap after GC invocations=1 (full 0):
 garbage-first heap   total 94208K, used 3616K [0x0000000080000000, 0x0000000100000000)
  region size 1024K, 3 young (3072K), 3 survivors (3072K)
 Metaspace       used 7990K, committed 8128K, reserved 1114112K
  class space    used 712K, committed 768K, reserved 1048576K
}
Event: 2.442 GC heap before
{Heap before GC invocations=1 (full 0):
 garbage-first heap   total 94208K, used 39456K [0x0000000080000000, 0x0000000100000000)
  region size 1024K, 36 young (36864K), 3 survivors (3072K)
 Metaspace       used 12216K, committed 12416K, reserved 1114112K
  class space    used 1279K, committed 1408K, reserved 1048576K
}
Event: 2.452 GC heap after
{Heap after GC invocations=2 (full 0):
 garbage-first heap   total 94208K, used 11498K [0x0000000080000000, 0x0000000100000000)
  region size 1024K, 5 young (5120K), 5 survivors (5120K)
 Metaspace       used 12216K, committed 12416K, reserved 1114112K
  class space    used 1279K, committed 1408K, reserved 1048576K
}
Event: 3.110 GC heap before
{Heap before GC invocations=2 (full 0):
 garbage-first heap   total 94208K, used 54506K [0x0000000080000000, 0x0000000100000000)
  region size 1024K, 45 young (46080K), 5 survivors (5120K)
 Metaspace       used 12414K, committed 12608K, reserved 1114112K
  class space    used 1303K, committed 1408K, reserved 1048576K
}
Event: 3.118 GC heap after
{Heap after GC invocations=3 (full 0):
 garbage-first heap   total 94208K, used 17162K [0x0000000080000000, 0x0000000100000000)
  region size 1024K, 5 young (5120K), 5 survivors (5120K)
 Metaspace       used 12414K, committed 12608K, reserved 1114112K
  class space    used 1303K, committed 1408K, reserved 1048576K
}
Event: 4.461 GC heap before
{Heap before GC invocations=3 (full 0):
 garbage-first heap   total 94208K, used 48906K [0x0000000080000000, 0x0000000100000000)
  region size 1024K, 37 young (37888K), 5 survivors (5120K)
 Metaspace       used 21137K, committed 21504K, reserved 1114112K
  class space    used 2431K, committed 2624K, reserved 1048576K
}
Event: 4.466 GC heap after
{Heap after GC invocations=4 (full 0):
 garbage-first heap   total 94208K, used 21268K [0x0000000080000000, 0x0000000100000000)
  region size 1024K, 4 young (4096K), 4 survivors (4096K)
 Metaspace       used 21137K, committed 21504K, reserved 1114112K
  class space    used 2431K, committed 2624K, reserved 1048576K
}
Event: 5.735 GC heap before
{Heap before GC invocations=5 (full 0):
 garbage-first heap   total 71680K, used 70420K [0x0000000080000000, 0x0000000100000000)
  region size 1024K, 53 young (54272K), 4 survivors (4096K)
 Metaspace       used 29437K, committed 30016K, reserved 1114112K
  class space    used 3754K, committed 4032K, reserved 1048576K
}
Event: 5.743 GC heap after
{Heap after GC invocations=6 (full 0):
 garbage-first heap   total 79872K, used 24471K [0x0000000080000000, 0x0000000100000000)
  region size 1024K, 4 young (4096K), 4 survivors (4096K)
 Metaspace       used 29437K, committed 30016K, reserved 1114112K
  class space    used 3754K, committed 4032K, reserved 1048576K
}
Event: 6.732 GC heap before
{Heap before GC invocations=6 (full 0):
 garbage-first heap   total 79872K, used 63383K [0x0000000080000000, 0x0000000100000000)
  region size 1024K, 43 young (44032K), 4 survivors (4096K)
 Metaspace       used 34931K, committed 35776K, reserved 1114112K
  class space    used 4652K, committed 5056K, reserved 1048576K
}
Event: 6.736 GC heap after
{Heap after GC invocations=7 (full 0):
 garbage-first heap   total 79872K, used 26669K [0x0000000080000000, 0x0000000100000000)
  region size 1024K, 6 young (6144K), 6 survivors (6144K)
 Metaspace       used 34931K, committed 35776K, reserved 1114112K
  class space    used 4652K, committed 5056K, reserved 1048576K
}
Event: 6.772 GC heap before
{Heap before GC invocations=7 (full 0):
 garbage-first heap   total 79872K, used 27693K [0x0000000080000000, 0x0000000100000000)
  region size 1024K, 8 young (8192K), 6 survivors (6144K)
 Metaspace       used 35108K, committed 35968K, reserved 1114112K
  class space    used 4688K, committed 5120K, reserved 1048576K
}
Event: 6.777 GC heap after
{Heap after GC invocations=8 (full 0):
 garbage-first heap   total 79872K, used 26926K [0x0000000080000000, 0x0000000100000000)
  region size 1024K, 3 young (3072K), 3 survivors (3072K)
 Metaspace       used 35108K, committed 35968K, reserved 1114112K
  class space    used 4688K, committed 5120K, reserved 1048576K
}
Event: 7.501 GC heap before
{Heap before GC invocations=9 (full 0):
 garbage-first heap   total 79872K, used 67886K [0x0000000080000000, 0x0000000100000000)
  region size 1024K, 43 young (44032K), 3 survivors (3072K)
 Metaspace       used 40717K, committed 41920K, reserved 1114112K
  class space    used 5585K, committed 6144K, reserved 1048576K
}

